

*******************************************************************************
Sun Mar 21 19:09:27 2021


FIT:    data read from "area.dat" u 4:6
        format = x:z
        #datapoints = 5
        residuals are weighted equally (unit weight)

function used for fitting: a*x**2+b*x+c
fitted parameters initialized with current variable values

iter      chisq       delta/lim  lambda   a             b             c            
   0 8.2944295123e+03   0.00e+00  1.26e+01    1.000000e+00   1.000000e+00   1.000000e+00
   6 1.1428571430e-11  -2.12e-02  1.26e-05    3.141594e+00  -5.571443e-06   6.000027e-06

After 6 iterations the fit converged.
final sum of squares of residuals : 1.14286e-11
rel. change during last iteration : -2.11891e-07

degrees of freedom    (FIT_NDF)                        : 2
rms of residuals      (FIT_STDFIT) = sqrt(WSSR/ndf)    : 2.39046e-06
variance of residuals (reduced chisquare) = WSSR/ndf   : 5.71429e-12

Final set of parameters            Asymptotic Standard Error
=======================            ==========================
a               = 3.14159          +/- 6.389e-07    (2.034e-05%)
b               = -5.57144e-06     +/- 5.167e-06    (92.73%)
c               = 6.00003e-06      +/- 9.502e-06    (158.4%)

correlation matrix of the fit parameters:
                a      b      c      
a               1.000 
b              -0.989  1.000 
c               0.941 -0.978  1.000 


*******************************************************************************
Sun Mar 21 19:50:23 2021


FIT:    data read from "area.dat" u 4:6
        format = x:z
        #datapoints = 5
        residuals are weighted equally (unit weight)

function used for fitting: a*x**2+b*x+c
fitted parameters initialized with current variable values

iter      chisq       delta/lim  lambda   a             b             c            
   0 8.2944295123e+03   0.00e+00  1.26e+01    1.000000e+00   1.000000e+00   1.000000e+00
   6 1.1428571430e-11  -2.12e-02  1.26e-05    3.141594e+00  -5.571443e-06   6.000027e-06

After 6 iterations the fit converged.
final sum of squares of residuals : 1.14286e-11
rel. change during last iteration : -2.11891e-07

degrees of freedom    (FIT_NDF)                        : 2
rms of residuals      (FIT_STDFIT) = sqrt(WSSR/ndf)    : 2.39046e-06
variance of residuals (reduced chisquare) = WSSR/ndf   : 5.71429e-12

Final set of parameters            Asymptotic Standard Error
=======================            ==========================
a               = 3.14159          +/- 6.389e-07    (2.034e-05%)
b               = -5.57144e-06     +/- 5.167e-06    (92.73%)
c               = 6.00003e-06      +/- 9.502e-06    (158.4%)

correlation matrix of the fit parameters:
                a      b      c      
a               1.000 
b              -0.989  1.000 
c               0.941 -0.978  1.000 
